TN:
SF:/Users/rfjunior/Projetos/node-estudos/node-todo-api/server/server.js
FN:19,(anonymous_0)
FN:23,(anonymous_1)
FN:25,(anonymous_2)
FN:30,(anonymous_3)
FN:31,(anonymous_4)
FN:33,(anonymous_5)
FN:38,(anonymous_6)
FN:45,(anonymous_7)
FN:50,(anonymous_8)
FN:56,(anonymous_9)
FN:63,(anonymous_10)
FN:68,(anonymous_11)
FN:73,(anonymous_12)
FN:89,(anonymous_13)
FN:94,(anonymous_14)
FN:100,(anonymous_15)
FN:103,(anonymous_16)
FN:105,(anonymous_17)
FN:107,(anonymous_18)
FN:112,(anonymous_19)
FN:116,(anonymous_20)
FNF:21
FNH:17
FNDA:2,(anonymous_0)
FNDA:1,(anonymous_1)
FNDA:1,(anonymous_2)
FNDA:1,(anonymous_3)
FNDA:1,(anonymous_4)
FNDA:0,(anonymous_5)
FNDA:3,(anonymous_6)
FNDA:2,(anonymous_7)
FNDA:0,(anonymous_8)
FNDA:3,(anonymous_9)
FNDA:2,(anonymous_10)
FNDA:0,(anonymous_11)
FNDA:4,(anonymous_12)
FNDA:3,(anonymous_13)
FNDA:0,(anonymous_14)
FNDA:3,(anonymous_15)
FNDA:1,(anonymous_16)
FNDA:1,(anonymous_17)
FNDA:2,(anonymous_18)
FNDA:1,(anonymous_19)
FNDA:1,(anonymous_20)
DA:1,1
DA:3,1
DA:4,1
DA:5,1
DA:6,1
DA:8,1
DA:9,1
DA:10,1
DA:11,1
DA:13,1
DA:15,1
DA:17,1
DA:19,1
DA:20,2
DA:23,2
DA:24,1
DA:26,1
DA:30,1
DA:31,1
DA:32,1
DA:34,0
DA:38,1
DA:39,3
DA:41,3
DA:42,1
DA:45,2
DA:46,2
DA:47,1
DA:49,1
DA:51,0
DA:56,1
DA:57,3
DA:59,3
DA:60,1
DA:63,2
DA:64,2
DA:65,1
DA:67,1
DA:69,0
DA:73,1
DA:75,4
DA:76,4
DA:78,4
DA:79,1
DA:82,3
DA:83,1
DA:85,2
DA:86,2
DA:89,3
DA:90,3
DA:91,1
DA:93,2
DA:95,0
DA:100,1
DA:101,3
DA:102,3
DA:103,3
DA:104,1
DA:106,1
DA:108,2
DA:112,1
DA:113,1
DA:116,1
DA:117,1
DA:120,1
LF:65
LH:61
BRDA:15,0,0,1
BRDA:15,0,1,0
BRDA:41,1,0,1
BRDA:41,1,1,2
BRDA:46,2,0,1
BRDA:46,2,1,1
BRDA:59,3,0,1
BRDA:59,3,1,2
BRDA:64,4,0,1
BRDA:64,4,1,1
BRDA:78,5,0,1
BRDA:78,5,1,3
BRDA:82,6,0,1
BRDA:82,6,1,2
BRDA:82,7,0,3
BRDA:82,7,1,1
BRDA:90,8,0,1
BRDA:90,8,1,2
BRF:18
BRH:17
end_of_record
TN:
SF:/Users/rfjunior/Projetos/node-estudos/node-todo-api/server/config/config.js
FNF:0
FNH:0
DA:1,1
DA:3,1
DA:5,1
DA:7,0
DA:8,0
DA:9,0
DA:12,1
DA:13,1
DA:14,1
LF:9
LH:6
BRDA:1,0,0,1
BRDA:1,0,1,0
BRDA:5,1,0,0
BRDA:5,1,1,1
BRF:4
BRH:2
end_of_record
TN:
SF:/Users/rfjunior/Projetos/node-estudos/node-todo-api/server/db/mongoose.js
FN:9,(anonymous_0)
FNF:1
FNH:1
FNDA:1,(anonymous_0)
DA:1,1
DA:3,1
DA:5,1
DA:9,1
DA:10,1
DA:13,1
LF:6
LH:6
BRF:0
BRH:0
end_of_record
TN:
SF:/Users/rfjunior/Projetos/node-estudos/node-todo-api/server/middleware/authenticate.js
FN:3,(anonymous_0)
FN:5,(anonymous_1)
FN:12,(anonymous_2)
FNF:3
FNH:3
FNDA:2,(anonymous_0)
FNDA:1,(anonymous_1)
FNDA:1,(anonymous_2)
DA:1,1
DA:3,1
DA:4,2
DA:5,2
DA:6,1
DA:7,0
DA:9,1
DA:10,1
DA:11,1
DA:13,1
DA:17,1
LF:11
LH:10
BRDA:6,0,0,0
BRDA:6,0,1,1
BRF:2
BRH:1
end_of_record
TN:
SF:/Users/rfjunior/Projetos/node-estudos/node-todo-api/server/models/todo.js
FNF:0
FNH:0
DA:1,1
DA:3,1
DA:20,1
LF:3
LH:3
BRF:0
BRH:0
end_of_record
TN:
SF:/Users/rfjunior/Projetos/node-estudos/node-todo-api/server/models/user.js
FN:40,(anonymous_0)
FN:44,(anonymous_1)
FN:45,(anonymous_2)
FN:56,(anonymous_3)
FN:63,(anonymous_4)
FN:71,(anonymous_5)
FN:77,(anonymous_6)
FNF:7
FNH:7
FNDA:39,(anonymous_0)
FNDA:38,(anonymous_1)
FNDA:38,(anonymous_2)
FNDA:2,(anonymous_3)
FNDA:1,(anonymous_4)
FNDA:1,(anonymous_5)
FNDA:2,(anonymous_6)
DA:2,1
DA:3,1
DA:5,1
DA:6,1
DA:7,1
DA:9,1
DA:11,1
DA:40,1
DA:41,39
DA:42,39
DA:44,38
DA:45,38
DA:46,38
DA:47,38
DA:52,1
DA:56,1
DA:57,2
DA:58,2
DA:60,2
DA:63,1
DA:64,1
DA:65,1
DA:66,1
DA:67,1
DA:71,1
DA:72,1
DA:77,1
DA:78,2
DA:81,2
DA:82,2
DA:84,1
DA:87,1
DA:96,1
DA:98,1
LF:34
LH:34
BRDA:42,0,0,38
BRDA:42,0,1,1
BRF:2
BRH:2
end_of_record
